#
# A fatal error has been detected by the Java Runtime Environment:
#
#  EXCEPTION_ACCESS_VIOLATION (0xc0000005) at pc=0x00007ffaeffc9bca, pid=4476, tid=18756
#
# JRE version: OpenJDK Runtime Environment (17.0.4.1+1) (build 17.0.4.1+1-LTS)
# Java VM: OpenJDK 64-Bit Server VM (17.0.4.1+1-LTS, mixed mode, sharing, tiered, compressed oops, compressed class ptrs, g1 gc, windows-amd64)
# Problematic frame:
# V  [jvm.dll+0x769bca]
#
# No core dump will be written. Minidumps are not enabled by default on client versions of Windows
#
# If you would like to submit a bug report, please visit:
#   https://bell-sw.com/support
#

---------------  S U M M A R Y ------------

Command Line: -XX:+ShowCodeDetailsInExceptionMessages -agentlib:jdwp=transport=dt_socket,suspend=y,address=localhost:51685 -javaagent:D:\Eclipse\eclipse\configuration\org.eclipse.osgi\1007\0\.cp\lib\javaagent-shaded.jar -Dfile.encoding=UTF-8 ru.clevertec.ecl.knyazev.NewsApplication

Host: 11th Gen Intel(R) Core(TM) i7-1165G7 @ 2.80GHz, 8 cores, 15G,  Windows 10 , 64 bit Build 19041 (10.0.19041.2913)
Time: Wed Jun  7 15:07:45 2023 RTZ 2 (s 10 , 64 bit Build 19041 (10.0.19041.2913) elapsed time: 49.010703 seconds (0d 0h 0m 49s)

---------------  T H R E A D  ---------------

Current thread (0x00000195621787d0):  JavaThread "JDWP Transport Listener: dt_socket" daemon [_thread_in_vm, id=18756, stack(0x000000825ac00000,0x000000825ad00000)]

Stack: [0x000000825ac00000,0x000000825ad00000],  sp=0x000000825acff4c0,  free space=1021k
Native frames: (J=compiled Java code, j=interpreted, Vv=VM code, C=native code)
V  [jvm.dll+0x769bca]
V  [jvm.dll+0x4e3958]
V  [jvm.dll+0x4b2a44]
C  [jdwp.dll+0x22bc0]


siginfo: EXCEPTION_ACCESS_VIOLATION (0xc0000005), reading address 0x00000000007e0005


Register to memory mapping:

RIP=0x00007ffaeffc9bca jvm.dll
RAX=0x000000000000007d is an unknown value
RBX=0x00000195615db22a points into unknown readable memory: 2f 54 68 72 65 61
RCX=0x00000000007e0001 is an unknown value
RDX=0x000001956ec51ee0 points into unknown readable memory: 0x76656c632f75724c | 4c 72 75 2f 63 6c 65 76
RSP=0x000000825acff4c0 is pointing into the stack for thread: 0x00000195621787d0
RBP=0x0000019562185960 points into unknown readable memory: 0x0000000000000002 | 02 00 00 00 00 00 00 00
RSI=0x0 is NULL
RDI=0xffffffffffffffff is an unknown value
R8 =0x000000000000003d is an unknown value
R9 =0x0000000000000040 is an unknown value
R10=0x0 is NULL
R11=0x000000825acff4e0 is pointing into the stack for thread: 0x00000195621787d0
R12=0x000000825acff5e8 is pointing into the stack for thread: 0x00000195621787d0
R13=0x0 is NULL
R14=0x0000000800f5be30 is a pointer to class: 
ru.clevertec.ecl.knyazev.aspect.cache.CommentRepositoryCacheRedisAspect {0x0000000800f5be38}
 - instance size:     2
 - klass size:        76
 - access:            public synchronized 
 - state:             fully_initialized
 - name:              'ru/clevertec/ecl/knyazev/aspect/cache/CommentRepositoryCacheRedisAspect'
 - super:             'ru/clevertec/ecl/knyazev/aspect/cache/RepositoryCacheAspect'
 - sub:               
 - arrays:            NULL
 - methods:           Array<T>(0x0000019570a35330)
 - method ordering:   Array<T>(0x0000019570a35770)
 - default_methods:   Array<T>(0x0000000000000000)
 - local interfaces:  Array<T>(0x00000008005cf860)
 - trans. interfaces: Array<T>(0x00000008005cf860)
 - constants:         constant pool [131] {0x0000019570a36188} for 'ru/clevertec/ecl/knyazev/aspect/cache/CommentRepositoryCacheRedisAspect' cache=0x0000019570a36640
 - class loader data:  loader data: 0x000001956211c530 for instance a 'jdk/internal/loader/ClassLoaders$AppClassLoader'{0x0000000704ef1760}
 - source file:       'CommentRepositoryCacheRedisAspect.java'
 - source debug extension:       SMAP
CommentRepositoryCacheRedisAspect.java
Java
*S jdt
*F
1 CommentRepositoryCacheRedisAspect.java
2 file:/D:/Programming/clevertec%20courses/final%20project/news/bin/main/
*L
*E

 - class annotations:       Array<T>(0x0000000000000000)
 - class type annotations:  Array<T>(0x0000000000000000)
 - field annotations:       Array<T>(0x0000000000000000)
 - field type annotations:  Array<T>(0x0000000000000000)
 - generic signature: '
[error occurred during error reporting (printing register info), id 0xc0000005, EXCEPTION_ACCESS_VIOLATION (0xc0000005) at pc=0x00007ffaeffca796]

Registers:
RAX=0x000000000000007d, RBX=0x00000195615db22a, RCX=0x00000000007e0001, RDX=0x000001956ec51ee0
RSP=0x000000825acff4c0, RBP=0x0000019562185960, RSI=0x0000000000000000, RDI=0xffffffffffffffff
R8 =0x000000000000003d, R9 =0x0000000000000040, R10=0x0000000000000000, R11=0x000000825acff4e0
R12=0x000000825acff5e8, R13=0x0000000000000000, R14=0x0000000800f5be30, R15=0x000000825acff638
RIP=0x00007ffaeffc9bca, EFLAGS=0x0000000000010206

Top of Stack: (sp=0x000000825acff4c0)
0x000000825acff4c0:   0000000000000047 0000000800f5be30
0x000000825acff4d0:   0000019571126230 000001956db79f29
0x000000825acff4e0:   ffffffffffffffff 00007ffaefd43958
0x000000825acff4f0:   00000195615db22a 00000195615db1e0
0x000000825acff500:   0000019562185960 0000000000000000
0x000000825acff510:   00000195615db180 00000000000003d8
0x000000825acff520:   00000195615db190 00000195615db568
0x000000825acff530:   0000000000000002 000000825acff5e8
0x000000825acff540:   000001953e7d1dc0 000000825acff638
0x000000825acff550:   00000195621787d0 00007ffaefd12a44
0x000000825acff560:   0000000705283d98 0000000000000000
0x000000825acff570:   0000000000000000 000000825acff638
0x000000825acff580:   00000195621787d0 0000000000000000
0x000000825acff590:   0000019500000000 0000000000000000
0x000000825acff5a0:   000000000000000d 00007ffb460b2bc0
0x000000825acff5b0:   000000825acff630 0000000000000000 

Instructions: (pc=0x00007ffaeffc9bca)
0x00007ffaeffc9aca:   48 83 c4 20 5f e9 3c d8 94 ff cc cc cc cc cc cc
0x00007ffaeffc9ada:   cc cc cc cc cc cc 48 89 5c 24 08 57 48 83 ec 20
0x00007ffaeffc9aea:   83 fa 02 8d 42 06 b9 08 00 00 00 49 8b d8 0f 4e
0x00007ffaeffc9afa:   c1 48 63 c8 48 83 c1 07 83 e1 f8 48 63 f9 49 8b
0x00007ffaeffc9b0a:   48 18 48 8b c7 48 f7 d0 48 3b c1 73 16 4c 8d 05
0x00007ffaeffc9b1a:   0a e7 16 00 48 8b d7 48 8b cb e8 b7 39 95 ff 48
0x00007ffaeffc9b2a:   8b 4b 18 48 8d 04 39 48 3b 43 20 76 18 45 33 c0
0x00007ffaeffc9b3a:   48 8b d7 48 8b cb 48 8b 5c 24 30 48 83 c4 20 5f
0x00007ffaeffc9b4a:   e9 61 36 95 ff 48 89 43 18 48 8b c1 48 8b 5c 24
0x00007ffaeffc9b5a:   30 48 83 c4 20 5f c3 cc cc cc cc cc cc cc cc cc
0x00007ffaeffc9b6a:   cc cc cc cc cc cc 4c 8b d2 4c 8b d9 45 85 c0 7e
0x00007ffaeffc9b7a:   3c 44 0f b7 49 04 41 8d 40 ff 45 3b c1 44 0f 4e
0x00007ffaeffc9b8a:   c8 4d 63 c1 45 85 c9 7e 1f 48 8b c2 4c 2b da 49
0x00007ffaeffc9b9a:   8b d0 0f 1f 40 00 41 0f b6 4c 03 06 88 08 48 8d
0x00007ffaeffc9baa:   40 01 48 83 ea 01 75 ee 43 c6 04 10 00 49 8b c2
0x00007ffaeffc9bba:   c3 cc cc cc cc cc 48 89 5c 24 08 57 48 83 ec 20
0x00007ffaeffc9bca:   0f b7 59 04 48 8b f9 33 d2 48 8d 4b 01 e8 34 1b
0x00007ffaeffc9bda:   f3 ff 0f b7 57 04 8d 4b 01 3b ca 4c 8b c0 0f 46
0x00007ffaeffc9bea:   d3 4c 63 ca 85 d2 7e 31 48 8b c8 48 2b f8 49 8b
0x00007ffaeffc9bfa:   d1 0f 1f 44 00 00 0f b6 44 0f 06 88 01 48 8d 49
0x00007ffaeffc9c0a:   01 48 83 ea 01 75 ef 43 88 14 01 49 8b c0 48 8b
0x00007ffaeffc9c1a:   5c 24 30 48 83 c4 20 5f c3 48 8b 5c 24 30 41 c6
0x00007ffaeffc9c2a:   04 01 00 48 83 c4 20 5f c3 cc cc cc cc cc cc cc
0x00007ffaeffc9c3a:   cc cc cc cc cc cc 4c 8b d1 45 85 c0 7e 6c 44 0f
0x00007ffaeffc9c4a:   b7 49 04 41 8d 40 ff 45 3b c1 44 0f 4e c8 4d 63
0x00007ffaeffc9c5a:   d9 45 85 c9 7e 22 48 8b ca 4c 2b d2 4d 8b c3 0f
0x00007ffaeffc9c6a:   1f 80 00 00 00 00 41 0f b6 44 0a 06 88 01 48 8d
0x00007ffaeffc9c7a:   49 01 49 83 e8 01 75 ee 41 c6 04 13 00 48 c7 c0
0x00007ffaeffc9c8a:   ff ff ff ff 66 90 48 ff c0 80 3c 02 00 75 f7 48
0x00007ffaeffc9c9a:   63 c8 85 c0 48 8b c2 7e 14 80 38 2f 75 03 c6 00
0x00007ffaeffc9caa:   2e 48 ff c0 48 83 e9 01 75 ef 48 8b c2 c3 cc cc
0x00007ffaeffc9cba:   cc cc cc cc cc cc 48 83 ec 28 e8 f7 fe ff ff 4c 


Stack slot to memory mapping:
stack at sp + 0 slots: 0x0000000000000047 is an unknown value
stack at sp + 1 slots: 0x0000000800f5be30 is a pointer to class: 
ru.clevertec.ecl.knyazev.aspect.cache.CommentRepositoryCacheRedisAspect {0x0000000800f5be38}
 - instance size:     2
 - klass size:        76
 - access:            public synchronized 
 - state:             fully_initialized
 - name:              'ru/clevertec/ecl/knyazev/aspect/cache/CommentRepositoryCacheRedisAspect'
 - super:             'ru/clevertec/ecl/knyazev/aspect/cache/RepositoryCacheAspect'
 - sub:               
 - arrays:            NULL
 - methods:           Array<T>(0x0000019570a35330)
 - method ordering:   Array<T>(0x0000019570a35770)
 - default_methods:   Array<T>(0x0000000000000000)
 - local interfaces:  Array<T>(0x00000008005cf860)
 - trans. interfaces: Array<T>(0x00000008005cf860)
 - constants:         constant pool [131] {0x0000019570a36188} for 'ru/clevertec/ecl/knyazev/aspect/cache/CommentRepositoryCacheRedisAspect' cache=0x0000019570a36640
 - class loader data:  loader data: 0x000001956211c530 for instance a 'jdk/internal/loader/ClassLoaders$AppClassLoader'{0x0000000704ef1760}
 - source file:       'CommentRepositoryCacheRedisAspect.java'
 - source debug extension:       SMAP
CommentRepositoryCacheRedisAspect.java
Java
*S jdt
*F
1 CommentRepositoryCacheRedisAspect.java
2 file:/D:/Programming/clevertec%20courses/final%20project/news/bin/main/
*L
*E

 - class annotations:       Array<T>(0x0000000000000000)
 - class type annotations:  Array<T>(0x0000000000000000)
 - field annotations:       Array<T>(0x0000000000000000)
 - field type annotations:  Array<T>(0x0000000000000000)
 - generic signature: '
[error occurred during error reporting (inspecting top of stack), id 0xc0000005, EXCEPTION_ACCESS_VIOLATION (0xc0000005) at pc=0x00007ffaeffca796]


---------------  P R O C E S S  ---------------

Threads class SMR info:
_java_thread_list=0x000001957133ecb0, length=39, elements={
0x00000195615baf50, 0x00000195615bbb00, 0x00000195615d0d10, 0x00000195615d37e0,
0x00000195615d68c0, 0x00000195615d7270, 0x0000019562008140, 0x00000195615d8f80,
0x00000195615da470, 0x0000019562119ea0, 0x00000195621787d0, 0x0000019562294980,
0x0000019562295060, 0x0000019562a88830, 0x000001956387c640, 0x0000019566e88310,
0x0000019566e87970, 0x0000019566e8a4c0, 0x0000019566e8a990, 0x0000019566e874a0,
0x0000019566e87e40, 0x0000019568aa2a30, 0x0000019568aa0d50, 0x0000019568aa1220,
0x0000019568aa4240, 0x0000019568aa33d0, 0x0000019568a9d860, 0x0000019568aa16f0,
0x0000019568a9dd30, 0x0000019568a9e200, 0x0000019568aa2f00, 0x0000019568a9fa10,
0x0000019568aa2560, 0x0000019568a9e6d0, 0x0000019568aa3d70, 0x0000019568a9cec0,
0x0000019568a9fee0, 0x0000019568aa2090, 0x0000019568aa38a0
}

Java Threads: ( => current thread )
  0x00000195615baf50 JavaThread "Reference Handler" daemon [_thread_blocked, id=19452, stack(0x000000825a200000,0x000000825a300000)]
  0x00000195615bbb00 JavaThread "Finalizer" daemon [_thread_blocked, id=16616, stack(0x000000825a300000,0x000000825a400000)]
  0x00000195615d0d10 JavaThread "Signal Dispatcher" daemon [_thread_blocked, id=2276, stack(0x000000825a400000,0x000000825a500000)]
  0x00000195615d37e0 JavaThread "Attach Listener" daemon [_thread_blocked, id=11072, stack(0x000000825a500000,0x000000825a600000)]
  0x00000195615d68c0 JavaThread "Service Thread" daemon [_thread_blocked, id=8972, stack(0x000000825a600000,0x000000825a700000)]
  0x00000195615d7270 JavaThread "Monitor Deflation Thread" daemon [_thread_blocked, id=10244, stack(0x000000825a700000,0x000000825a800000)]
  0x0000019562008140 JavaThread "C2 CompilerThread0" daemon [_thread_blocked, id=18192, stack(0x000000825a800000,0x000000825a900000)]
  0x00000195615d8f80 JavaThread "C1 CompilerThread0" daemon [_thread_blocked, id=16192, stack(0x000000825a900000,0x000000825aa00000)]
  0x00000195615da470 JavaThread "Sweeper thread" daemon [_thread_blocked, id=18404, stack(0x000000825aa00000,0x000000825ab00000)]
  0x0000019562119ea0 JavaThread "Common-Cleaner" daemon [_thread_blocked, id=13056, stack(0x000000825ab00000,0x000000825ac00000)]
=>0x00000195621787d0 JavaThread "JDWP Transport Listener: dt_socket" daemon [_thread_in_vm, id=18756, stack(0x000000825ac00000,0x000000825ad00000)]
  0x0000019562294980 JavaThread "JDWP Event Helper Thread" daemon [_thread_blocked, id=2180, stack(0x000000825ad00000,0x000000825ae00000)]
  0x0000019562295060 JavaThread "JDWP Command Reader" daemon [_thread_in_native, id=14780, stack(0x000000825ae00000,0x000000825af00000)]
  0x0000019562a88830 JavaThread "Notification Thread" daemon [_thread_blocked, id=9640, stack(0x000000825b000000,0x000000825b100000)]
  0x000001956387c640 JavaThread "logback-2" daemon [_thread_blocked, id=19124, stack(0x000000825ba00000,0x000000825bb00000)]
  0x0000019566e88310 JavaThread "Catalina-utility-1" [_thread_blocked, id=3780, stack(0x000000825bb00000,0x000000825bc00000)]
  0x0000019566e87970 JavaThread "Catalina-utility-2" [_thread_blocked, id=7004, stack(0x000000825bd00000,0x000000825be00000)]
  0x0000019566e8a4c0 JavaThread "container-0" [_thread_blocked, id=7300, stack(0x000000825be00000,0x000000825bf00000)]
  0x0000019566e8a990 JavaThread "lettuce-timer-3-1" daemon [_thread_blocked, id=7704, stack(0x000000825bf00000,0x000000825c000000)]
  0x0000019566e874a0 JavaThread "PostgreSQL-JDBC-Cleaner" daemon [_thread_blocked, id=14628, stack(0x000000825c100000,0x000000825c200000)]
  0x0000019566e87e40 JavaThread "HikariPool-1 housekeeper" daemon [_thread_blocked, id=11880, stack(0x000000825c200000,0x000000825c300000)]
  0x0000019568aa2a30 JavaThread "http-nio-8080-exec-1" daemon [_thread_blocked, id=12396, stack(0x000000825c400000,0x000000825c500000)]
  0x0000019568aa0d50 JavaThread "http-nio-8080-exec-2" daemon [_thread_blocked, id=1476, stack(0x000000825c500000,0x000000825c600000)]
  0x0000019568aa1220 JavaThread "http-nio-8080-exec-3" daemon [_thread_blocked, id=13576, stack(0x000000825c600000,0x000000825c700000)]
  0x0000019568aa4240 JavaThread "http-nio-8080-exec-4" daemon [_thread_blocked, id=11404, stack(0x000000825c700000,0x000000825c800000)]
  0x0000019568aa33d0 JavaThread "http-nio-8080-exec-5" daemon [_thread_blocked, id=2552, stack(0x000000825c800000,0x000000825c900000)]
  0x0000019568a9d860 JavaThread "http-nio-8080-exec-6" daemon [_thread_blocked, id=3648, stack(0x000000825c900000,0x000000825ca00000)]
  0x0000019568aa16f0 JavaThread "http-nio-8080-exec-7" daemon [_thread_blocked, id=18252, stack(0x000000825ca00000,0x000000825cb00000)]
  0x0000019568a9dd30 JavaThread "http-nio-8080-exec-8" daemon [_thread_blocked, id=4312, stack(0x000000825cb00000,0x000000825cc00000)]
  0x0000019568a9e200 JavaThread "http-nio-8080-exec-9" daemon [_thread_blocked, id=10344, stack(0x000000825cc00000,0x000000825cd00000)]
  0x0000019568aa2f00 JavaThread "http-nio-8080-exec-10" daemon [_thread_blocked, id=18332, stack(0x000000825cd00000,0x000000825ce00000)]
  0x0000019568a9fa10 JavaThread "http-nio-8080-Poller" daemon [_thread_in_native, id=17512, stack(0x000000825ce00000,0x000000825cf00000)]
  0x0000019568aa2560 JavaThread "http-nio-8080-Acceptor" daemon [_thread_in_native, id=16740, stack(0x000000825cf00000,0x000000825d000000)]
  0x0000019568a9e6d0 JavaThread "DestroyJavaVM" [_thread_blocked, id=2752, stack(0x0000008259b00000,0x0000008259c00000)]
  0x0000019568aa3d70 JavaThread "lettuce-nioEventLoop-4-1" daemon [_thread_in_native, id=18752, stack(0x000000825d000000,0x000000825d100000)]
  0x0000019568a9cec0 JavaThread "lettuce-eventExecutorLoop-1-1" daemon [_thread_blocked, id=2884, stack(0x000000825d100000,0x000000825d200000)]
  0x0000019568a9fee0 JavaThread "lettuce-eventExecutorLoop-1-2" daemon [_thread_blocked, id=876, stack(0x000000825d200000,0x000000825d300000)]
  0x0000019568aa2090 JavaThread "logback-3" daemon [_thread_blocked, id=10304, stack(0x000000825c300000,0x000000825c400000)]
  0x0000019568aa38a0 JavaThread "lettuce-eventExecutorLoop-1-3" daemon [_thread_blocked, id=12812, stack(0x000000825d300000,0x000000825d400000)]

Other Threads:
  0x00000195615b47b0 VMThread "VM Thread" [stack: 0x000000825a100000,0x000000825a200000] [id=18428]
  0x0000019562a88d00 WatcherThread [stack: 0x000000825b100000,0x000000825b200000] [id=7220]
  0x000001953e851ff0 GCTaskThread "GC Thread#0" [stack: 0x0000008259c00000,0x0000008259d00000] [id=1112]
  0x00000195634509e0 GCTaskThread "GC Thread#1" [stack: 0x000000825b300000,0x000000825b400000] [id=11924]
  0x0000019562d86d40 GCTaskThread "GC Thread#2" [stack: 0x000000825b400000,0x000000825b500000] [id=8732]
  0x0000019562d86ff0 GCTaskThread "GC Thread#3" [stack: 0x000000825b500000,0x000000825b600000] [id=3296]
  0x00000195633c6c30 GCTaskThread "GC Thread#4" [stack: 0x000000825b600000,0x000000825b700000] [id=9244]
  0x0000019562eec2f0 GCTaskThread "GC Thread#5" [stack: 0x000000825b700000,0x000000825b800000] [id=16344]
  0x00000195638baae0 GCTaskThread "GC Thread#6" [stack: 0x000000825b800000,0x000000825b900000] [id=17888]
  0x00000195633285a0 GCTaskThread "GC Thread#7" [stack: 0x000000825b900000,0x000000825ba00000] [id=16404]
  0x000001953e862a70 ConcurrentGCThread "G1 Main Marker" [stack: 0x0000008259d00000,0x0000008259e00000] [id=11692]
  0x000001953e863cc0 ConcurrentGCThread "G1 Conc#0" [stack: 0x0000008259e00000,0x0000008259f00000] [id=10676]
  0x00000195653dbc60 ConcurrentGCThread "G1 Conc#1" [stack: 0x000000825bc00000,0x000000825bd00000] [id=1072]
  0x000001956146d530 ConcurrentGCThread "G1 Refine#0" [stack: 0x0000008259f00000,0x000000825a000000] [id=6540]
  0x000001953e8ae050 ConcurrentGCThread "G1 Service" [stack: 0x000000825a000000,0x000000825a100000] [id=15064]

Threads with active compile tasks:

VM state: not at safepoint (normal execution)

VM Mutex/Monitor currently owned by a thread: None

Heap address: 0x0000000704c00000, size: 4020 MB, Compressed Oops mode: Zero based, Oop shift amount: 3

CDS archive(s) mapped at: [0x0000000800000000-0x0000000800bc0000-0x0000000800bc0000), size 12320768, SharedBaseAddress: 0x0000000800000000, ArchiveRelocationMode: 0.
Compressed class space mapped at: 0x0000000800c00000-0x0000000840c00000, reserved size: 1073741824
Narrow klass base: 0x0000000800000000, Narrow klass shift: 0, Narrow klass range: 0x100000000

GC Precious Log:
 CPUs: 8 total, 8 available
 Memory: 16078M
 Large Page Support: Disabled
 NUMA Support: Disabled
 Compressed Oops: Enabled (Zero based)
 Heap Region Size: 2M
 Heap Min Capacity: 8M
 Heap Initial Capacity: 252M
 Heap Max Capacity: 4020M
 Pre-touch: Disabled
 Parallel Workers: 8
 Concurrent Workers: 2
 Concurrent Refinement Workers: 8
 Periodic GC: Disabled

Heap:
 garbage-first heap   total 131072K, used 93998K [0x0000000704c00000, 0x0000000800000000)
  region size 2048K, 30 young (61440K), 3 survivors (6144K)
 Metaspace       used 91314K, committed 91904K, reserved 1130496K
  class space    used 12321K, committed 12608K, reserved 1048576K

Heap Regions: E=young(eden), S=young(survivor), O=old, HS=humongous(starts), HC=humongous(continues), CS=collection set, F=free, OA=open archive, CA=closed archive, TAMS=top-at-mark-start (previous, next)
|   0|0x0000000704c00000, 0x0000000704e00000, 0x0000000704e00000|100%| O|  |TAMS 0x0000000704e00000, 0x0000000704c00000| Untracked 
|   1|0x0000000704e00000, 0x0000000705000000, 0x0000000705000000|100%| O|  |TAMS 0x0000000705000000, 0x0000000704e00000| Untracked 
|   2|0x0000000705000000, 0x0000000705200000, 0x0000000705200000|100%| O|  |TAMS 0x0000000705200000, 0x0000000705000000| Untracked 
|   3|0x0000000705200000, 0x0000000705400000, 0x0000000705400000|100%| O|  |TAMS 0x0000000705400000, 0x0000000705200000| Untracked 
|   4|0x0000000705400000, 0x0000000705600000, 0x0000000705600000|100%| O|  |TAMS 0x0000000705600000, 0x0000000705400000| Untracked 
|   5|0x0000000705600000, 0x0000000705800000, 0x0000000705800000|100%| O|  |TAMS 0x0000000705800000, 0x0000000705600000| Untracked 
|   6|0x0000000705800000, 0x0000000705a00000, 0x0000000705a00000|100%| O|  |TAMS 0x0000000705a00000, 0x0000000705800000| Untracked 
|   7|0x0000000705a00000, 0x0000000705c00000, 0x0000000705c00000|100%| O|  |TAMS 0x0000000705c00000, 0x0000000705a00000| Untracked 
|   8|0x0000000705c00000, 0x0000000705e00000, 0x0000000705e00000|100%| O|  |TAMS 0x0000000705e00000, 0x0000000705c00000| Untracked 
|   9|0x0000000705e00000, 0x0000000706000000, 0x0000000706000000|100%| O|  |TAMS 0x0000000706000000, 0x0000000705e00000| Untracked 
|  10|0x0000000706000000, 0x0000000706200000, 0x0000000706200000|100%| O|  |TAMS 0x0000000706200000, 0x0000000706000000| Untracked 
|  11|0x0000000706200000, 0x00000007062c2800, 0x0000000706400000| 37%| O|  |TAMS 0x00000007062c2800, 0x0000000706200000| Untracked 
|  12|0x0000000706400000, 0x0000000706600000, 0x0000000706600000|100%| O|  |TAMS 0x000000070650a800, 0x0000000706400000| Untracked 
|  13|0x0000000706600000, 0x0000000706800000, 0x0000000706800000|100%| O|  |TAMS 0x0000000706600000, 0x0000000706600000| Untracked 
|  14|0x0000000706800000, 0x0000000706a00000, 0x0000000706a00000|100%| O|  |TAMS 0x0000000706800000, 0x0000000706800000| Untracked 
|  15|0x0000000706a00000, 0x0000000706c00000, 0x0000000706c00000|100%| O|  |TAMS 0x0000000706a00000, 0x0000000706a00000| Untracked 
|  16|0x0000000706c00000, 0x0000000706e00000, 0x0000000706e00000|100%| O|  |TAMS 0x0000000706c00000, 0x0000000706c00000| Untracked 
|  17|0x0000000706e00000, 0x0000000707000000, 0x0000000707000000|100%| O|  |TAMS 0x0000000706e00000, 0x0000000706e00000| Untracked 
|  18|0x0000000707000000, 0x0000000707200000, 0x0000000707200000|100%| O|  |TAMS 0x0000000707000000, 0x0000000707000000| Untracked 
|  19|0x0000000707200000, 0x000000070724e400, 0x0000000707400000| 15%| O|  |TAMS 0x0000000707200000, 0x0000000707200000| Untracked 
|  20|0x0000000707400000, 0x0000000707400000, 0x0000000707600000|  0%| F|  |TAMS 0x0000000707400000, 0x0000000707400000| Untracked 
|  21|0x0000000707600000, 0x0000000707600000, 0x0000000707800000|  0%| F|  |TAMS 0x0000000707600000, 0x0000000707600000| Untracked 
|  22|0x0000000707800000, 0x0000000707800000, 0x0000000707a00000|  0%| F|  |TAMS 0x0000000707800000, 0x0000000707800000| Untracked 
|  23|0x0000000707a00000, 0x0000000707a00000, 0x0000000707c00000|  0%| F|  |TAMS 0x0000000707a00000, 0x0000000707a00000| Untracked 
|  24|0x0000000707c00000, 0x0000000707c00000, 0x0000000707e00000|  0%| F|  |TAMS 0x0000000707c00000, 0x0000000707c00000| Untracked 
|  25|0x0000000707e00000, 0x0000000707e00000, 0x0000000708000000|  0%| F|  |TAMS 0x0000000707e00000, 0x0000000707e00000| Untracked 
|  26|0x0000000708000000, 0x0000000708000000, 0x0000000708200000|  0%| F|  |TAMS 0x0000000708000000, 0x0000000708000000| Untracked 
|  27|0x0000000708200000, 0x0000000708200000, 0x0000000708400000|  0%| F|  |TAMS 0x0000000708200000, 0x0000000708200000| Untracked 
|  28|0x0000000708400000, 0x00000007084bac30, 0x0000000708600000| 36%| S|CS|TAMS 0x0000000708400000, 0x0000000708400000| Complete 
|  29|0x0000000708600000, 0x0000000708800000, 0x0000000708800000|100%| S|CS|TAMS 0x0000000708600000, 0x0000000708600000| Complete 
|  30|0x0000000708800000, 0x0000000708a00000, 0x0000000708a00000|100%| S|CS|TAMS 0x0000000708800000, 0x0000000708800000| Complete 
|  31|0x0000000708a00000, 0x0000000708a00000, 0x0000000708c00000|  0%| F|  |TAMS 0x0000000708a00000, 0x0000000708a00000| Untracked 
|  32|0x0000000708c00000, 0x0000000708c00000, 0x0000000708e00000|  0%| F|  |TAMS 0x0000000708c00000, 0x0000000708c00000| Untracked 
|  33|0x0000000708e00000, 0x0000000708e00000, 0x0000000709000000|  0%| F|  |TAMS 0x0000000708e00000, 0x0000000708e00000| Untracked 
|  34|0x0000000709000000, 0x0000000709000000, 0x0000000709200000|  0%| F|  |TAMS 0x0000000709000000, 0x0000000709000000| Untracked 
|  35|0x0000000709200000, 0x0000000709200000, 0x0000000709400000|  0%| F|  |TAMS 0x0000000709200000, 0x0000000709200000| Untracked 
|  36|0x0000000709400000, 0x0000000709400000, 0x0000000709600000|  0%| F|  |TAMS 0x0000000709400000, 0x0000000709400000| Untracked 
|  37|0x0000000709600000, 0x0000000709680970, 0x0000000709800000| 25%| E|  |TAMS 0x0000000709600000, 0x0000000709600000| Complete 
|  38|0x0000000709800000, 0x0000000709a00000, 0x0000000709a00000|100%| E|CS|TAMS 0x0000000709800000, 0x0000000709800000| Complete 
|  39|0x0000000709a00000, 0x0000000709c00000, 0x0000000709c00000|100%| E|CS|TAMS 0x0000000709a00000, 0x0000000709a00000| Complete 
|  40|0x0000000709c00000, 0x0000000709e00000, 0x0000000709e00000|100%| E|CS|TAMS 0x0000000709c00000, 0x0000000709c00000| Complete 
|  41|0x0000000709e00000, 0x000000070a000000, 0x000000070a000000|100%| E|CS|TAMS 0x0000000709e00000, 0x0000000709e00000| Complete 
|  42|0x000000070a000000, 0x000000070a200000, 0x000000070a200000|100%| E|CS|TAMS 0x000000070a000000, 0x000000070a000000| Complete 
|  43|0x000000070a200000, 0x000000070a400000, 0x000000070a400000|100%| E|CS|TAMS 0x000000070a200000, 0x000000070a200000| Complete 
|  44|0x000000070a400000, 0x000000070a600000, 0x000000070a600000|100%| E|CS|TAMS 0x000000070a400000, 0x000000070a400000| Complete 
|  45|0x000000070a600000, 0x000000070a800000, 0x000000070a800000|100%| E|CS|TAMS 0x000000070a600000, 0x000000070a600000| Complete 
|  46|0x000000070a800000, 0x000000070aa00000, 0x000000070aa00000|100%| E|CS|TAMS 0x000000070a800000, 0x000000070a800000| Complete 
|  47|0x000000070aa00000, 0x000000070ac00000, 0x000000070ac00000|100%| E|CS|TAMS 0x000000070aa00000, 0x000000070aa00000| Complete 
|  48|0x000000070ac00000, 0x000000070ae00000, 0x000000070ae00000|100%| E|CS|TAMS 0x000000070ac00000, 0x000000070ac00000| Complete 
|  49|0x000000070ae00000, 0x000000070b000000, 0x000000070b000000|100%| E|CS|TAMS 0x000000070ae00000, 0x000000070ae00000| Complete 
|  50|0x000000070b000000, 0x000000070b200000, 0x000000070b200000|100%| E|CS|TAMS 0x000000070b000000, 0x000000070b000000| Complete 
|  51|0x000000070b200000, 0x000000070b400000, 0x000000070b400000|100%| E|CS|TAMS 0x000000070b200000, 0x000000070b200000| Complete 
|  52|0x000000070b400000, 0x000000070b600000, 0x000000070b600000|100%| E|CS|TAMS 0x000000070b400000, 0x000000070b400000| Complete 
|  53|0x000000070b600000, 0x000000070b800000, 0x000000070b800000|100%| E|CS|TAMS 0x000000070b600000, 0x000000070b600000| Complete 
|  54|0x000000070b800000, 0x000000070ba00000, 0x000000070ba00000|100%| E|CS|TAMS 0x000000070b800000, 0x000000070b800000| Complete 
|  55|0x000000070ba00000, 0x000000070bc00000, 0x000000070bc00000|100%| E|CS|TAMS 0x000000070ba00000, 0x000000070ba00000| Complete 
|  56|0x000000070bc00000, 0x000000070be00000, 0x000000070be00000|100%| E|CS|TAMS 0x000000070bc00000, 0x000000070bc00000| Complete 
|  57|0x000000070be00000, 0x000000070c000000, 0x000000070c000000|100%| E|CS|TAMS 0x000000070be00000, 0x000000070be00000| Complete 
|  58|0x000000070c000000, 0x000000070c200000, 0x000000070c200000|100%| E|CS|TAMS 0x000000070c000000, 0x000000070c000000| Complete 
|  59|0x000000070c200000, 0x000000070c400000, 0x000000070c400000|100%| E|  |TAMS 0x000000070c200000, 0x000000070c200000| Complete 
|  60|0x000000070c400000, 0x000000070c600000, 0x000000070c600000|100%| E|CS|TAMS 0x000000070c400000, 0x000000070c400000| Complete 
|  61|0x000000070c600000, 0x000000070c800000, 0x000000070c800000|100%| E|CS|TAMS 0x000000070c600000, 0x000000070c600000| Complete 
|  75|0x000000070e200000, 0x000000070e400000, 0x000000070e400000|100%| E|CS|TAMS 0x000000070e200000, 0x000000070e200000| Complete 
| 125|0x0000000714600000, 0x0000000714800000, 0x0000000714800000|100%| E|CS|TAMS 0x0000000714600000, 0x0000000714600000| Complete 

Card table byte_map: [0x0000019555df0000,0x00000195565d0000] _byte_map_base: 0x00000195525ca000

Marking Bits (Prev, Next): (CMBitMap*) 0x000001953e852600, (CMBitMap*) 0x000001953e852640
 Prev Bits: [0x0000019556db0000, 0x000001955ac80000)
 Next Bits: [0x000001955ac80000, 0x000001955eb50000)

Polling page: 0x000001953c7a0000

Metaspace:

Usage:
  Non-class:     77.14 MB used.
      Class:     12.03 MB used.
       Both:     89.17 MB used.

Virtual space:
  Non-class space:       80.00 MB reserved,      77.44 MB ( 97%) committed,  10 nodes.
      Class space:        1.00 GB reserved,      12.31 MB (  1%) committed,  1 nodes.
             Both:        1.08 GB reserved,      89.75 MB (  8%) committed. 

Chunk freelists:
   Non-Class:  1.78 MB
       Class:  3.53 MB
        Both:  5.31 MB

MaxMetaspaceSize: unlimited
CompressedClassSpaceSize: 1.00 GB
Initial GC threshold: 21.00 MB
Current GC threshold: 105.31 MB
CDS: on
MetaspaceReclaimPolicy: balanced
 - commit_granule_bytes: 65536.
 - commit_granule_words: 8192.
 - virtual_space_node_default_size: 1048576.
 - enlarge_chunks_in_place: 1.
 - new_chunks_are_fully_committed: 0.
 - uncommit_free_chunks: 1.
 - use_allocation_guard: 0.
 - handle_deallocations: 1.


Internal statistics:

num_allocs_failed_limit: 12.
num_arena_births: 828.
num_arena_deaths: 0.
num_vsnodes_births: 11.
num_vsnodes_deaths: 0.
num_space_committed: 1436.
num_space_uncommitted: 0.
num_chunks_returned_to_freelist: 12.
num_chunks_taken_from_freelist: 4089.
num_chunk_merges: 12.
num_chunk_splits: 3016.
num_chunks_enlarged: 2442.
num_purges: 0.
num_inconsistent_stats: 0.

CodeHeap 'non-profiled nmethods': size=120000Kb used=5257Kb max_used=5257Kb free=114742Kb
 bounds [0x000001954ddb0000, 0x000001954e2e0000, 0x00000195552e0000]
CodeHeap 'profiled nmethods': size=120000Kb used=12958Kb max_used=12958Kb free=107041Kb
 bounds [0x0000019546880000, 0x0000019547530000, 0x000001954ddb0000]
CodeHeap 'non-nmethods': size=5760Kb used=1453Kb max_used=1527Kb free=4306Kb
 bounds [0x00000195462e0000, 0x0000019546550000, 0x0000019546880000]
 total_blobs=7409 nmethods=6689 adapters=632
 compilation: enabled
              stopped_count=0, restarted_count=0
 full_count=0

Compilation events (20 events):
Event: 48.904 Thread 0x00000195615d8f80 nmethod 7929 0x0000019547524410 code [0x00000195475245a0, 0x00000195475246b8]
Event: 48.905 Thread 0x00000195615d8f80 7930       3       java.util.ArrayDeque::nonNullElementAt (18 bytes)
Event: 48.905 Thread 0x00000195615d8f80 nmethod 7930 0x0000019547524790 code [0x0000019547524940, 0x0000019547524b88]
Event: 48.905 Thread 0x00000195615d8f80 7931       1       io.micrometer.common.ImmutableKeyValue::getKey (5 bytes)
Event: 48.905 Thread 0x00000195615d8f80 nmethod 7931 0x000001954e01e010 code [0x000001954e01e1a0, 0x000001954e01e278]
Event: 48.905 Thread 0x00000195615d8f80 7932       3       org.apache.catalina.connector.RequestFacade::checkFacade (24 bytes)
Event: 48.905 Thread 0x0000019562008140 nmethod 7927 0x000001954e01dc90 code [0x000001954e01de00, 0x000001954e01def8]
Event: 48.905 Thread 0x00000195615d8f80 nmethod 7932 0x0000019547524d10 code [0x0000019547524ee0, 0x0000019547525158]
Event: 48.905 Thread 0x00000195615d8f80 7933       3       java.nio.charset.CharsetDecoder::flush (49 bytes)
Event: 48.905 Thread 0x0000019562008140 7934       4       java.util.BitSet::checkInvariants (111 bytes)
Event: 48.906 Thread 0x00000195615d8f80 nmethod 7933 0x0000019547525290 code [0x0000019547525460, 0x0000019547525868]
Event: 48.906 Thread 0x0000019562008140 nmethod 7934 0x000001954e01d990 code [0x000001954e01db00, 0x000001954e01db78]
Event: 48.906 Thread 0x00000195615d8f80 7935       1       org.apache.coyote.Request::method (5 bytes)
Event: 48.906 Thread 0x00000195615d8f80 nmethod 7935 0x000001954e01d690 code [0x000001954e01d820, 0x000001954e01d8f8]
Event: 48.906 Thread 0x00000195615d8f80 7936       1       org.springframework.http.HttpMethod::name (5 bytes)
Event: 48.906 Thread 0x00000195615d8f80 nmethod 7936 0x000001954e01d390 code [0x000001954e01d520, 0x000001954e01d5f8]
Event: 48.906 Thread 0x00000195615d8f80 7937       1       ch.qos.logback.classic.Level::toInt (5 bytes)
Event: 48.906 Thread 0x00000195615d8f80 nmethod 7937 0x000001954e01d090 code [0x000001954e01d220, 0x000001954e01d2f8]
Event: 48.915 Thread 0x00000195615d8f80 7939       3       org.slf4j.helpers.MessageFormatter::deeplyAppendParameter (184 bytes)
Event: 48.916 Thread 0x00000195615d8f80 nmethod 7939 0x0000019547525990 code [0x0000019547525ce0, 0x0000019547527638]

GC Heap History (20 events):
Event: 5.043 GC heap before
{Heap before GC invocations=15 (full 0):
 garbage-first heap   total 90112K, used 69770K [0x0000000704c00000, 0x0000000800000000)
  region size 2048K, 23 young (47104K), 2 survivors (4096K)
 Metaspace       used 55980K, committed 56448K, reserved 1105920K
  class space    used 7286K, committed 7552K, reserved 1048576K
}
Event: 5.046 GC heap after
{Heap after GC invocations=16 (full 0):
 garbage-first heap   total 90112K, used 27370K [0x0000000704c00000, 0x0000000800000000)
  region size 2048K, 2 young (4096K), 2 survivors (4096K)
 Metaspace       used 55980K, committed 56448K, reserved 1105920K
  class space    used 7286K, committed 7552K, reserved 1048576K
}
Event: 5.435 GC heap before
{Heap before GC invocations=16 (full 0):
 garbage-first heap   total 90112K, used 68330K [0x0000000704c00000, 0x0000000800000000)
  region size 2048K, 23 young (47104K), 2 survivors (4096K)
 Metaspace       used 60123K, committed 60608K, reserved 1105920K
  class space    used 7812K, committed 8064K, reserved 1048576K
}
Event: 5.437 GC heap after
{Heap after GC invocations=17 (full 0):
 garbage-first heap   total 90112K, used 27940K [0x0000000704c00000, 0x0000000800000000)
  region size 2048K, 2 young (4096K), 2 survivors (4096K)
 Metaspace       used 60123K, committed 60608K, reserved 1105920K
  class space    used 7812K, committed 8064K, reserved 1048576K
}
Event: 5.864 GC heap before
{Heap before GC invocations=18 (full 0):
 garbage-first heap   total 90112K, used 70948K [0x0000000704c00000, 0x0000000800000000)
  region size 2048K, 23 young (47104K), 2 survivors (4096K)
 Metaspace       used 63925K, committed 64384K, reserved 1105920K
  class space    used 8593K, committed 8832K, reserved 1048576K
}
Event: 5.867 GC heap after
{Heap after GC invocations=19 (full 0):
 garbage-first heap   total 90112K, used 28520K [0x0000000704c00000, 0x0000000800000000)
  region size 2048K, 2 young (4096K), 2 survivors (4096K)
 Metaspace       used 63925K, committed 64384K, reserved 1105920K
  class space    used 8593K, committed 8832K, reserved 1048576K
}
Event: 6.265 GC heap before
{Heap before GC invocations=20 (full 0):
 garbage-first heap   total 90112K, used 71528K [0x0000000704c00000, 0x0000000800000000)
  region size 2048K, 23 young (47104K), 2 survivors (4096K)
 Metaspace       used 67525K, committed 68032K, reserved 1114112K
  class space    used 9089K, committed 9344K, reserved 1048576K
}
Event: 6.268 GC heap after
{Heap after GC invocations=21 (full 0):
 garbage-first heap   total 90112K, used 29839K [0x0000000704c00000, 0x0000000800000000)
  region size 2048K, 3 young (6144K), 3 survivors (6144K)
 Metaspace       used 67525K, committed 68032K, reserved 1114112K
  class space    used 9089K, committed 9344K, reserved 1048576K
}
Event: 6.582 GC heap before
{Heap before GC invocations=21 (full 0):
 garbage-first heap   total 90112K, used 68751K [0x0000000704c00000, 0x0000000800000000)
  region size 2048K, 22 young (45056K), 3 survivors (6144K)
 Metaspace       used 70750K, committed 71232K, reserved 1114112K
  class space    used 9510K, committed 9728K, reserved 1048576K
}
Event: 6.586 GC heap after
{Heap after GC invocations=22 (full 0):
 garbage-first heap   total 108544K, used 31024K [0x0000000704c00000, 0x0000000800000000)
  region size 2048K, 2 young (4096K), 2 survivors (4096K)
 Metaspace       used 70750K, committed 71232K, reserved 1114112K
  class space    used 9510K, committed 9728K, reserved 1048576K
}
Event: 7.052 GC heap before
{Heap before GC invocations=22 (full 0):
 garbage-first heap   total 108544K, used 88368K [0x0000000704c00000, 0x0000000800000000)
  region size 2048K, 30 young (61440K), 2 survivors (4096K)
 Metaspace       used 74487K, committed 74944K, reserved 1114112K
  class space    used 10160K, committed 10368K, reserved 1048576K
}
Event: 7.056 GC heap after
{Heap after GC invocations=23 (full 0):
 garbage-first heap   total 108544K, used 33164K [0x0000000704c00000, 0x0000000800000000)
  region size 2048K, 4 young (8192K), 4 survivors (8192K)
 Metaspace       used 74487K, committed 74944K, reserved 1114112K
  class space    used 10160K, committed 10368K, reserved 1048576K
}
Event: 7.606 GC heap before
{Heap before GC invocations=23 (full 0):
 garbage-first heap   total 108544K, used 84364K [0x0000000704c00000, 0x0000000800000000)
  region size 2048K, 29 young (59392K), 4 survivors (8192K)
 Metaspace       used 76777K, committed 77248K, reserved 1122304K
  class space    used 10489K, committed 10752K, reserved 1048576K
}
Event: 7.612 GC heap after
{Heap after GC invocations=24 (full 0):
 garbage-first heap   total 108544K, used 35983K [0x0000000704c00000, 0x0000000800000000)
  region size 2048K, 4 young (8192K), 4 survivors (8192K)
 Metaspace       used 76777K, committed 77248K, reserved 1122304K
  class space    used 10489K, committed 10752K, reserved 1048576K
}
Event: 8.148 GC heap before
{Heap before GC invocations=24 (full 0):
 garbage-first heap   total 108544K, used 83087K [0x0000000704c00000, 0x0000000800000000)
  region size 2048K, 27 young (55296K), 4 survivors (8192K)
 Metaspace       used 79399K, committed 79936K, reserved 1122304K
  class space    used 10819K, committed 11072K, reserved 1048576K
}
Event: 8.154 GC heap after
{Heap after GC invocations=25 (full 0):
 garbage-first heap   total 108544K, used 38303K [0x0000000704c00000, 0x0000000800000000)
  region size 2048K, 3 young (6144K), 3 survivors (6144K)
 Metaspace       used 79399K, committed 79936K, reserved 1122304K
  class space    used 10819K, committed 11072K, reserved 1048576K
}
Event: 8.639 GC heap before
{Heap before GC invocations=25 (full 0):
 garbage-first heap   total 108544K, used 87455K [0x0000000704c00000, 0x0000000800000000)
  region size 2048K, 27 young (55296K), 3 survivors (6144K)
 Metaspace       used 81188K, committed 81664K, reserved 1122304K
  class space    used 11070K, committed 11264K, reserved 1048576K
}
Event: 8.646 GC heap after
{Heap after GC invocations=26 (full 0):
 garbage-first heap   total 108544K, used 41239K [0x0000000704c00000, 0x0000000800000000)
  region size 2048K, 3 young (6144K), 3 survivors (6144K)
 Metaspace       used 81188K, committed 81664K, reserved 1122304K
  class space    used 11070K, committed 11264K, reserved 1048576K
}
Event: 9.054 GC heap before
{Heap before GC invocations=26 (full 0):
 garbage-first heap   total 108544K, used 86295K [0x0000000704c00000, 0x0000000800000000)
  region size 2048K, 25 young (51200K), 3 survivors (6144K)
 Metaspace       used 85963K, committed 86464K, reserved 1130496K
  class space    used 11672K, committed 11904K, reserved 1048576K
}
Event: 9.061 GC heap after
{Heap after GC invocations=27 (full 0):
 garbage-first heap   total 131072K, used 42798K [0x0000000704c00000, 0x0000000800000000)
  region size 2048K, 3 young (6144K), 3 survivors (6144K)
 Metaspace       used 85963K, committed 86464K, reserved 1130496K
  class space    used 11672K, committed 11904K, reserved 1048576K
}

Deoptimization events (20 events):
Event: 9.484 Thread 0x0000019568aa2a30 DEOPT PACKING pc=0x000001954e1d17d4 sp=0x000000825c4fd9a0
Event: 9.484 Thread 0x0000019568aa2a30 DEOPT UNPACKING pc=0x0000019546336763 sp=0x000000825c4fce20 mode 1
Event: 9.484 Thread 0x0000019568aa2a30 DEOPT PACKING pc=0x00000195469e6dac sp=0x000000825c4fd9d0
Event: 9.484 Thread 0x0000019568aa2a30 DEOPT UNPACKING pc=0x0000019546336763 sp=0x000000825c4fcec0 mode 1
Event: 9.531 Thread 0x0000019568aa2a30 Uncommon trap: trap_request=0xffffff97 fr.pc=0x000001954e15d18c relative=0x000000000000014c
Event: 9.531 Thread 0x0000019568aa2a30 Uncommon trap: reason=unhandled action=none pc=0x000001954e15d18c method=jdk.internal.loader.BuiltinClassLoader.loadClass(Ljava/lang/String;Z)Ljava/lang/Class; @ 19 c2
Event: 9.531 Thread 0x0000019568aa2a30 DEOPT PACKING pc=0x000001954e15d18c sp=0x000000825c4fc550
Event: 9.531 Thread 0x0000019568aa2a30 DEOPT UNPACKING pc=0x0000019546335c23 sp=0x000000825c4fc418 mode 2
Event: 9.531 Thread 0x0000019568aa2a30 Uncommon trap: trap_request=0xffffff97 fr.pc=0x000001954e15d18c relative=0x000000000000014c
Event: 9.531 Thread 0x0000019568aa2a30 Uncommon trap: reason=unhandled action=none pc=0x000001954e15d18c method=jdk.internal.loader.BuiltinClassLoader.loadClass(Ljava/lang/String;Z)Ljava/lang/Class; @ 19 c2
Event: 9.531 Thread 0x0000019568aa2a30 DEOPT PACKING pc=0x000001954e15d18c sp=0x000000825c4fc610
Event: 9.531 Thread 0x0000019568aa2a30 DEOPT UNPACKING pc=0x0000019546335c23 sp=0x000000825c4fc4d8 mode 2
Event: 9.531 Thread 0x0000019568aa2a30 Uncommon trap: trap_request=0xffffff97 fr.pc=0x000001954e15d18c relative=0x000000000000014c
Event: 9.531 Thread 0x0000019568aa2a30 Uncommon trap: reason=unhandled action=none pc=0x000001954e15d18c method=jdk.internal.loader.BuiltinClassLoader.loadClass(Ljava/lang/String;Z)Ljava/lang/Class; @ 19 c2
Event: 9.531 Thread 0x0000019568aa2a30 DEOPT PACKING pc=0x000001954e15d18c sp=0x000000825c4fc6e0
Event: 9.531 Thread 0x0000019568aa2a30 DEOPT UNPACKING pc=0x0000019546335c23 sp=0x000000825c4fc5a8 mode 2
Event: 35.232 Thread 0x00000195621787d0 Uncommon trap: trap_request=0xffffff45 fr.pc=0x000001954e15a334 relative=0x0000000000000114
Event: 35.232 Thread 0x00000195621787d0 Uncommon trap: reason=unstable_if action=reinterpret pc=0x000001954e15a334 method=sun.instrument.InstrumentationImpl.transform(Ljava/lang/Module;Ljava/lang/ClassLoader;Ljava/lang/String;Ljava/lang/Class;Ljava/security/ProtectionDomain;[BZ)[B @ 24 c2
Event: 35.232 Thread 0x00000195621787d0 DEOPT PACKING pc=0x000001954e15a334 sp=0x000000825acfe600
Event: 35.232 Thread 0x00000195621787d0 DEOPT UNPACKING pc=0x0000019546335c23 sp=0x000000825acfe5c8 mode 2

Classes unloaded (0 events):
No events

Classes redefined (1 events):
Event: 35.240 Thread 0x00000195615b47b0 redefined class name=ru.clevertec.ecl.knyazev.aspect.cache.CommentRepositoryCacheRedisAspect, count=1

Internal exceptions (20 events):
Event: 8.850 Thread 0x0000019568aa2a30 Exception <a 'java/lang/NoSuchMethodError'{0x000000070a086b48}: 'java.lang.Object java.lang.invoke.DirectMethodHandle$Holder.invokeSpecial(java.lang.Object, java.lang.Object, java.lang.Object, java.lang.Object, java.lang.Object, long)'> (0x000000070a086b48) 
thrown [s\src\hotspot\share\interpreter\linkResolver.cpp, line 759]
Event: 8.850 Thread 0x0000019568aa2a30 Exception <a 'java/lang/NoSuchMethodError'{0x000000070a08a588}: 'java.lang.Object java.lang.invoke.Invokers$Holder.linkToTargetMethod(java.lang.Object, java.lang.Object, java.lang.Object, long, java.lang.Object)'> (0x000000070a08a588) 
thrown [s\src\hotspot\share\interpreter\linkResolver.cpp, line 759]
Event: 8.851 Thread 0x000001953e7e2cb0 Exception <a 'java/lang/IncompatibleClassChangeError'{0x000000070a3a97a8}: Found class java.lang.Object, but interface was expected> (0x000000070a3a97a8) 
thrown [s\src\hotspot\share\interpreter\linkResolver.cpp, line 826]
Event: 8.993 Thread 0x0000019568aa2a30 Exception <a 'java/lang/NoSuchMethodError'{0x00000007093bcde8}: 'java.lang.Object java.lang.invoke.Invokers$Holder.linkToTargetMethod(java.lang.Object, int, java.lang.Object, java.lang.Object)'> (0x00000007093bcde8) 
thrown [s\src\hotspot\share\interpreter\linkResolver.cpp, line 759]
Event: 9.177 Thread 0x0000019568aa2a30 Exception <a 'java/lang/NoSuchMethodError'{0x000000070bb5b000}: 'void java.lang.invoke.DirectMethodHandle$Holder.invokeStaticInit(java.lang.Object)'> (0x000000070bb5b000) 
thrown [s\src\hotspot\share\interpreter\linkResolver.cpp, line 759]
Event: 9.260 Thread 0x0000019568aa2a30 Exception <a 'java/lang/ClassNotFoundException'{0x000000070b5eddb8}: jdk/jfr/internal/handlers/EventHandler19544_1686139626163-4476> (0x000000070b5eddb8) 
thrown [s\src\hotspot\share\classfile\systemDictionary.cpp, line 256]
Event: 9.263 Thread 0x0000019568aa2a30 Exception <a 'java/lang/ClassNotFoundException'{0x000000070b211030}: jdk/jfr/internal/handlers/EventHandler19670_1686139626163-4476> (0x000000070b211030) 
thrown [s\src\hotspot\share\classfile\systemDictionary.cpp, line 256]
Event: 9.382 Thread 0x0000019568aa3d70 Exception <a 'java/lang/NoSuchMethodError'{0x000000070a949990}: 'java.lang.Object java.lang.invoke.DirectMethodHandle$Holder.invokeStaticInit(java.lang.Object, java.lang.Object, java.lang.Object, java.lang.Object, java.lang.Object, java.lang.Object)'> (0x000000070a949990) 
thrown [s\src\hotspot\share\interpreter\linkResolver.cpp, line 759]
Event: 9.388 Thread 0x0000019568aa3d70 Exception <a 'java/lang/ClassNotFoundException'{0x000000070a9dc5c0}: jdk/jfr/internal/handlers/EventHandler19918_1686139626163-4476> (0x000000070a9dc5c0) 
thrown [s\src\hotspot\share\classfile\systemDictionary.cpp, line 256]
Event: 9.416 Thread 0x0000019568aa3d70 Exception <a 'java/lang/ClassNotFoundException'{0x000000070a4944c0}: jdk/jfr/internal/handlers/EventHandler19988_1686139626163-4476> (0x000000070a4944c0) 
thrown [s\src\hotspot\share\classfile\systemDictionary.cpp, line 256]
Event: 9.438 Thread 0x0000019568aa2a30 Exception <a 'java/lang/NoSuchMethodError'{0x000000070a375ee8}: 'java.lang.Object java.lang.invoke.DirectMethodHandle$Holder.newInvokeSpecial(java.lang.Object, java.lang.Object, java.lang.Object, long)'> (0x000000070a375ee8) 
thrown [s\src\hotspot\share\interpreter\linkResolver.cpp, line 759]
Event: 9.438 Thread 0x0000019568aa2a30 Exception <a 'java/lang/NoSuchMethodError'{0x000000070a37a768}: 'java.lang.Object java.lang.invoke.DirectMethodHandle$Holder.invokeSpecial(java.lang.Object, java.lang.Object, java.lang.Object, java.lang.Object, long)'> (0x000000070a37a768) 
thrown [s\src\hotspot\share\interpreter\linkResolver.cpp, line 759]
Event: 9.438 Thread 0x0000019568aa2a30 Exception <a 'java/lang/NoSuchMethodError'{0x000000070a37e940}: 'java.lang.Object java.lang.invoke.Invokers$Holder.linkToTargetMethod(java.lang.Object, java.lang.Object, long, java.lang.Object)'> (0x000000070a37e940) 
thrown [s\src\hotspot\share\interpreter\linkResolver.cpp, line 759]
Event: 9.462 Thread 0x0000019568aa2a30 Exception <a 'java/lang/NoSuchMethodError'{0x000000070a0cd918}: static Lorg/hibernate/proxy/AbstractSerializableProxy;.<clinit>()V> (0x000000070a0cd918) 
thrown [s\src\hotspot\share\prims\jni.cpp, line 1107]
Event: 9.463 Thread 0x0000019568aa2a30 Exception <a 'java/lang/NoSuchMethodError'{0x000000070a0fde98}: static Lorg/hibernate/proxy/pojo/bytebuddy/SerializableProxy;.<clinit>()V> (0x000000070a0fde98) 
thrown [s\src\hotspot\share\prims\jni.cpp, line 1107]
Event: 9.465 Thread 0x0000019568aa2a30 Exception <a 'java/lang/NoSuchMethodError'{0x000000070a11ed78}: static Lorg/hibernate/proxy/HibernateProxy;.<clinit>()V> (0x000000070a11ed78) 
thrown [s\src\hotspot\share\prims\jni.cpp, line 1107]
Event: 9.481 Thread 0x0000019568aa2a30 Exception <a 'java/lang/reflect/InvocationTargetException'{0x0000000709e36ee8}> (0x0000000709e36ee8) 
thrown [s\src\hotspot\share\runtime\reflection.cpp, line 1121]
Event: 9.481 Thread 0x0000019568aa2a30 Exception <a 'java/lang/reflect/InvocationTargetException'{0x0000000709e37708}> (0x0000000709e37708) 
thrown [s\src\hotspot\share\runtime\reflection.cpp, line 1121]
Event: 9.483 Thread 0x0000019568aa2a30 Exception <a 'java/lang/reflect/InvocationTargetException'{0x0000000709e4c318}> (0x0000000709e4c318) 
thrown [s\src\hotspot\share\runtime\reflection.cpp, line 1121]
Event: 9.483 Thread 0x0000019568aa2a30 Exception <a 'java/lang/reflect/InvocationTargetException'{0x0000000709e4cb38}> (0x0000000709e4cb38) 
thrown [s\src\hotspot\share\runtime\reflection.cpp, line 1121]

VM Operations (20 events):
Event: 8.935 Executing VM operation: HandshakeAllThreads
Event: 8.935 Executing VM operation: HandshakeAllThreads done
Event: 8.981 Executing VM operation: HandshakeAllThreads
Event: 8.981 Executing VM operation: HandshakeAllThreads done
Event: 8.982 Executing VM operation: ICBufferFull
Event: 8.982 Executing VM operation: ICBufferFull done
Event: 9.054 Executing VM operation: G1CollectForAllocation
Event: 9.061 Executing VM operation: G1CollectForAllocation done
Event: 9.490 Executing VM operation: HandshakeAllThreads
Event: 9.490 Executing VM operation: HandshakeAllThreads done
Event: 9.491 Executing VM operation: HandshakeAllThreads
Event: 9.491 Executing VM operation: HandshakeAllThreads done
Event: 9.502 Executing VM operation: HandshakeAllThreads
Event: 9.502 Executing VM operation: HandshakeAllThreads done
Event: 10.512 Executing VM operation: Cleanup
Event: 10.512 Executing VM operation: Cleanup done
Event: 35.233 Executing VM operation: RedefineClasses
Event: 35.255 Executing VM operation: RedefineClasses done
Event: 44.799 Executing VM operation: ChangeBreakpoints
Event: 44.801 Executing VM operation: ChangeBreakpoints done

Events (20 events):
Event: 9.462 loading class java/io/ObjectStreamClass$4 done
Event: 9.462 loading class java/io/ObjectStreamClass$5
Event: 9.462 loading class java/io/ObjectStreamClass$5 done
Event: 9.465 loading class java/io/ObjectStreamClass$ExceptionInfo
Event: 9.465 loading class java/io/ObjectStreamClass$ExceptionInfo done
Event: 9.478 loading class java/time/Ser
Event: 9.479 loading class java/time/Ser done
Event: 9.489 loading class java/time/format/DateTimeFormatterBuilder$ZoneTextPrinterParser
Event: 9.489 loading class java/time/format/DateTimeFormatterBuilder$ZoneTextPrinterParser done
Event: 9.489 loading class java/time/format/DateTimeFormatterBuilder$ReducedPrinterParser
Event: 9.489 loading class java/time/format/DateTimeFormatterBuilder$ReducedPrinterParser done
Event: 9.513 loading class org/w3c/dom/Node
Event: 9.513 loading class org/w3c/dom/Node done
Event: 9.513 loading class org/w3c/dom/Document
Event: 9.513 loading class org/w3c/dom/Document done
Event: 9.519 Thread 0x0000019566e88cb0 Thread exited: 0x0000019566e88cb0
Event: 12.274 Thread 0x0000019562f92020 Thread exited: 0x0000019562f92020
Event: 13.672 Thread 0x0000019562248a70 Thread exited: 0x0000019562248a70
Event: 30.911 Thread 0x0000019568aa2090 Thread added: 0x0000019568aa2090
Event: 48.912 Thread 0x0000019568aa38a0 Thread added: 0x0000019568aa38a0


Dynamic libraries:
0x00007ff682aa0000 - 0x00007ff682aad000 	C:\Program Files\BellSoft\LibericaJDK-17\bin\javaw.exe
0x00007ffb57e70000 - 0x00007ffb58068000 	C:\Windows\SYSTEM32\ntdll.dll
0x00007ffb57090000 - 0x00007ffb5714f000 	C:\Windows\System32\KERNEL32.DLL
0x00007ffb559b0000 - 0x00007ffb55ca6000 	C:\Windows\System32\KERNELBASE.dll
0x00007ffb55dd0000 - 0x00007ffb55ed0000 	C:\Windows\System32\ucrtbase.dll
0x00007ffb45840000 - 0x00007ffb45858000 	C:\Program Files\BellSoft\LibericaJDK-17\bin\jli.dll
0x00007ffb460d0000 - 0x00007ffb460e5000 	C:\Program Files\BellSoft\LibericaJDK-17\bin\VCRUNTIME140.dll
0x00007ffb567e0000 - 0x00007ffb5697d000 	C:\Windows\System32\USER32.dll
0x00007ffb55640000 - 0x00007ffb55662000 	C:\Windows\System32\win32u.dll
0x00007ffb566b0000 - 0x00007ffb566dc000 	C:\Windows\System32\GDI32.dll
0x00007ffb3ec10000 - 0x00007ffb3eeaa000 	C:\Windows\WinSxS\amd64_microsoft.windows.common-controls_6595b64144ccf1df_6.0.19041.1110_none_60b5254171f9507e\COMCTL32.dll
0x00007ffb55cb0000 - 0x00007ffb55dc5000 	C:\Windows\System32\gdi32full.dll
0x00007ffb56e80000 - 0x00007ffb56f1e000 	C:\Windows\System32\msvcrt.dll
0x00007ffb55670000 - 0x00007ffb5570d000 	C:\Windows\System32\msvcp_win.dll
0x00007ffb567b0000 - 0x00007ffb567e0000 	C:\Windows\System32\IMM32.DLL
0x00007ffb45900000 - 0x00007ffb4599b000 	C:\Program Files\BellSoft\LibericaJDK-17\bin\msvcp140.dll
0x00007ffaef860000 - 0x00007ffaf047b000 	C:\Program Files\BellSoft\LibericaJDK-17\bin\server\jvm.dll
0x00007ffb57290000 - 0x00007ffb5733f000 	C:\Windows\System32\ADVAPI32.dll
0x00007ffb57d90000 - 0x00007ffb57e2c000 	C:\Windows\System32\sechost.dll
0x00007ffb57150000 - 0x00007ffb57276000 	C:\Windows\System32\RPCRT4.dll
0x00007ffb57c50000 - 0x00007ffb57c58000 	C:\Windows\System32\PSAPI.DLL
0x00007ffb45aa0000 - 0x00007ffb45ac7000 	C:\Windows\SYSTEM32\WINMM.dll
0x00007ffb4b4a0000 - 0x00007ffb4b4aa000 	C:\Windows\SYSTEM32\VERSION.dll
0x00007ffb458a0000 - 0x00007ffb458a9000 	C:\Windows\SYSTEM32\WSOCK32.dll
0x00007ffb56cf0000 - 0x00007ffb56d5b000 	C:\Windows\System32\WS2_32.dll
0x00007ffb53d60000 - 0x00007ffb53d72000 	C:\Windows\SYSTEM32\kernel.appcore.dll
0x00007ffb45870000 - 0x00007ffb4587a000 	C:\Program Files\BellSoft\LibericaJDK-17\bin\jimage.dll
0x00007ffb532c0000 - 0x00007ffb534a4000 	C:\Windows\SYSTEM32\DBGHELP.DLL
0x00007ffb38bb0000 - 0x00007ffb38be4000 	C:\Windows\SYSTEM32\dbgcore.DLL
0x00007ffb55710000 - 0x00007ffb55792000 	C:\Windows\System32\bcryptPrimitives.dll
0x00007ffb46090000 - 0x00007ffb460c9000 	C:\Program Files\BellSoft\LibericaJDK-17\bin\jdwp.dll
0x00007ffb45860000 - 0x00007ffb4586e000 	C:\Program Files\BellSoft\LibericaJDK-17\bin\instrument.dll
0x00007ffb45810000 - 0x00007ffb45835000 	C:\Program Files\BellSoft\LibericaJDK-17\bin\java.dll
0x00007ffb18410000 - 0x00007ffb184e6000 	C:\Program Files\BellSoft\LibericaJDK-17\bin\jsvml.dll
0x00007ffb57340000 - 0x00007ffb57a84000 	C:\Windows\System32\SHELL32.dll
0x00007ffb535b0000 - 0x00007ffb53d43000 	C:\Windows\SYSTEM32\windows.storage.dll
0x00007ffb56990000 - 0x00007ffb56ce4000 	C:\Windows\System32\combase.dll
0x00007ffb54e60000 - 0x00007ffb54e8e000 	C:\Windows\SYSTEM32\Wldp.dll
0x00007ffb55ed0000 - 0x00007ffb55f7d000 	C:\Windows\System32\SHCORE.dll
0x00007ffb56f20000 - 0x00007ffb56f75000 	C:\Windows\System32\shlwapi.dll
0x00007ffb55490000 - 0x00007ffb554af000 	C:\Windows\SYSTEM32\profapi.dll
0x00007ffb4b680000 - 0x00007ffb4b68c000 	C:\Program Files\BellSoft\LibericaJDK-17\bin\dt_socket.dll
0x00007ffb54950000 - 0x00007ffb5498c000 	C:\Windows\SYSTEM32\IPHLPAPI.DLL
0x00007ffb54c40000 - 0x00007ffb54caa000 	C:\Windows\system32\mswsock.dll
0x00007ffb54990000 - 0x00007ffb54a5b000 	C:\Windows\SYSTEM32\DNSAPI.dll
0x00007ffb56980000 - 0x00007ffb56988000 	C:\Windows\System32\NSI.dll
0x00007ffb4b450000 - 0x00007ffb4b45a000 	C:\Windows\System32\rasadhlp.dll
0x00007ffb4a7e0000 - 0x00007ffb4a862000 	C:\Windows\System32\fwpuclnt.dll
0x00007ffb55610000 - 0x00007ffb55637000 	C:\Windows\System32\bcrypt.dll
0x00007ffb457f0000 - 0x00007ffb45808000 	C:\Program Files\BellSoft\LibericaJDK-17\bin\zip.dll
0x00007ffb457d0000 - 0x00007ffb457e9000 	C:\Program Files\BellSoft\LibericaJDK-17\bin\net.dll
0x00007ffb50580000 - 0x00007ffb5068a000 	C:\Windows\SYSTEM32\WINHTTP.dll
0x00007ffb457b0000 - 0x00007ffb457c5000 	C:\Program Files\BellSoft\LibericaJDK-17\bin\nio.dll
0x00007ffb457a0000 - 0x00007ffb457b0000 	C:\Program Files\BellSoft\LibericaJDK-17\bin\verify.dll
0x00007ffb54f10000 - 0x00007ffb54f28000 	C:\Windows\SYSTEM32\CRYPTSP.dll
0x00007ffb54580000 - 0x00007ffb545b4000 	C:\Windows\system32\rsaenh.dll
0x00007ffb55450000 - 0x00007ffb5547e000 	C:\Windows\SYSTEM32\USERENV.dll
0x00007ffb54dd0000 - 0x00007ffb54ddc000 	C:\Windows\SYSTEM32\CRYPTBASE.dll
0x00007ffb4d2c0000 - 0x00007ffb4d2d7000 	C:\Windows\SYSTEM32\dhcpcsvc6.DLL
0x00007ffb4d270000 - 0x00007ffb4d28d000 	C:\Windows\SYSTEM32\dhcpcsvc.DLL
0x00007ffb509b0000 - 0x00007ffb509be000 	C:\Program Files\BellSoft\LibericaJDK-17\bin\sunmscapi.dll
0x00007ffb557a0000 - 0x00007ffb558fe000 	C:\Windows\System32\CRYPT32.dll
0x00007ffb55020000 - 0x00007ffb55048000 	C:\Windows\SYSTEM32\ncrypt.dll
0x00007ffb54fe0000 - 0x00007ffb5501b000 	C:\Windows\SYSTEM32\NTASN1.dll
0x00007ffb4b370000 - 0x00007ffb4b379000 	C:\Program Files\BellSoft\LibericaJDK-17\bin\management.dll
0x00007ffb4b310000 - 0x00007ffb4b31b000 	C:\Program Files\BellSoft\LibericaJDK-17\bin\management_ext.dll
0x00007ffb460f0000 - 0x00007ffb460f7000 	C:\Windows\system32\wshunix.dll

dbghelp: loaded successfully - version: 4.0.5 - missing functions: none
symbol engine: initialized successfully - sym options: 0x614 - pdb path: .;C:\Program Files\BellSoft\LibericaJDK-17\bin;C:\Windows\SYSTEM32;C:\Windows\WinSxS\amd64_microsoft.windows.common-controls_6595b64144ccf1df_6.0.19041.1110_none_60b5254171f9507e;C:\Program Files\BellSoft\LibericaJDK-17\bin\server

VM Arguments:
jvm_args: -XX:+ShowCodeDetailsInExceptionMessages -agentlib:jdwp=transport=dt_socket,suspend=y,address=localhost:51685 -javaagent:D:\Eclipse\eclipse\configuration\org.eclipse.osgi\1007\0\.cp\lib\javaagent-shaded.jar -Dfile.encoding=UTF-8 
java_command: ru.clevertec.ecl.knyazev.NewsApplication
java_class_path (initial): D:\Programming\clevertec courses\final project\news\bin\main;D:\Programming\clevertec courses\final project\news\bin\default;C:\Users\User\.gradle\caches\modules-2\files-2.1\org.projectlombok\lombok\1.18.26\8f8cf0372abf564913e9796623aac4c8ea44025a\lombok-1.18.26.jar;C:\Users\User\.gradle\caches\modules-2\files-2.1\org.springframework.boot\spring-boot-starter-data-rest\3.0.6\6462f0569cb8e3ac98f896276dda06a3c38147cc\spring-boot-starter-data-rest-3.0.6.jar;C:\Users\User\.gradle\caches\modules-2\files-2.1\org.springframework.boot\spring-boot-starter-web\3.0.6\7c6597cae584c359d7e4ddea6e006176e0c15936\spring-boot-starter-web-3.0.6.jar;C:\Users\User\.gradle\caches\modules-2\files-2.1\org.springframework.boot\spring-boot-starter-data-redis\3.0.6\1800f49b7103d0da59f77e270cbf4f047554540\spring-boot-starter-data-redis-3.0.6.jar;C:\Users\User\.gradle\caches\modules-2\files-2.1\org.springframework.boot\spring-boot-starter-actuator\3.0.6\1c7313b6abc90f43d1e6cdb6a8bc72d0d35e2e0a\spring-boot-starter-actuator-3.0.6.jar;C:\Users\User\.gradle\caches\modules-2\files-2.1\org.springframework.boot\spring-boot-starter-data-jpa\3.0.6\d0b6b836a6e3a223a92e6594c2d8c5f0a7cccec\spring-boot-starter-data-jpa-3.0.6.jar;C:\Users\User\.gradle\caches\modules-2\files-2.1\org.springframework.boot\spring-boot-starter-aop\3.0.6\bb39de062db9b7b7a277e6c026ed5ac45f544fc8\spring-boot-starter-aop-3.0.6.jar;C:\Users\User\.gradle\caches\modules-2\files-2.1\org.springframework.boot\spring-boot-starter-jdbc\3.0.6\672661f4a90a9479170fba058a88892dac5ba69c\spring-boot-starter-jdbc-3.0.6.jar;C:\Users\User\.gradle\caches\modules-2\files-2.1\org.springframework.boot\spring-boot-starter-json\3.0.6\e0a1dd1653750a8e0a25b7b6be977231d7fa607e\spring-boot-starter-json-3.0.6.jar;C:\Users\User\.gradle\caches\modules-2\files-2.1\org.springframework.boot\spring-boot-starter\3.0.6\1029c155da41fa04820cf81fdbe5752260eead5\spring-boot-starter-3.0.6.jar;C:\Users\User\.gradle\caches\modules-2\files-2.1\org.s
Launcher Type: SUN_STANDARD

[Global flags]
     intx CICompilerCount                          = 4                                         {product} {ergonomic}
     uint ConcGCThreads                            = 2                                         {product} {ergonomic}
     uint G1ConcRefinementThreads                  = 8                                         {product} {ergonomic}
   size_t G1HeapRegionSize                         = 2097152                                   {product} {ergonomic}
    uintx GCDrainStackTargetSize                   = 64                                        {product} {ergonomic}
   size_t InitialHeapSize                          = 264241152                                 {product} {ergonomic}
   size_t MarkStackSize                            = 4194304                                   {product} {ergonomic}
   size_t MaxHeapSize                              = 4215275520                                {product} {ergonomic}
   size_t MaxNewSize                               = 2529165312                                {product} {ergonomic}
   size_t MinHeapDeltaBytes                        = 2097152                                   {product} {ergonomic}
   size_t MinHeapSize                              = 8388608                                   {product} {ergonomic}
    uintx NonNMethodCodeHeapSize                   = 5839372                                {pd product} {ergonomic}
    uintx NonProfiledCodeHeapSize                  = 122909434                              {pd product} {ergonomic}
    uintx ProfiledCodeHeapSize                     = 122909434                              {pd product} {ergonomic}
    uintx ReservedCodeCacheSize                    = 251658240                              {pd product} {ergonomic}
     bool SegmentedCodeCache                       = true                                      {product} {ergonomic}
     bool ShowCodeDetailsInExceptionMessages       = true                                   {manageable} {command line}
   size_t SoftMaxHeapSize                          = 4215275520                             {manageable} {ergonomic}
     bool UseCompressedClassPointers               = true                           {product lp64_product} {ergonomic}
     bool UseCompressedOops                        = true                           {product lp64_product} {ergonomic}
     bool UseG1GC                                  = true                                      {product} {ergonomic}
     bool UseLargePagesIndividualAllocation        = false                                  {pd product} {ergonomic}

Logging:
Log output configuration:
 #0: stdout all=warning uptime,level,tags
 #1: stderr all=off uptime,level,tags

Environment Variables:
JAVA_HOME=C:\Program Files\BellSoft\LibericaJDK-17\
PATH=C:/Program Files/BellSoft/LibericaJDK-17/bin/server;C:/Program Files/BellSoft/LibericaJDK-17/bin;C:\Program Files\BellSoft\LibericaJDK-17\bin\;C:\Program Files\BellSoft\LibericaJDK-8\bin\;C:\Program Files\BellSoft\LibericaJDK-11\bin\;C:\Windows\system32;C:\Windows;C:\Windows\System32\Wbem;C:\Windows\System32\WindowsPowerShell\v1.0\;C:\Windows\System32\OpenSSH\;C:\Program Files\Git\cmd;C:\Program Files\Docker\Docker\resources\bin;C:\Users\User\AppData\Local\Microsoft\WindowsApps;C:\Program Files\Git\bin;C:\Program Files\Apache\apache-maven-3.8.6\bin;C:\Program Files\Gradle\gradle-7.5\bin;;C:\Users\User\Desktop;
USERNAME=User
OS=Windows_NT
PROCESSOR_IDENTIFIER=Intel64 Family 6 Model 140 Stepping 1, GenuineIntel
TMP=C:\Users\User\AppData\Local\Temp
TEMP=C:\Users\User\AppData\Local\Temp



---------------  S Y S T E M  ---------------

OS:
 Windows 10 , 64 bit Build 19041 (10.0.19041.2913)
OS uptime: 4 days 23:54 hours
Hyper-V role detected

CPU: total 8 (initial active 8) (4 cores per cpu, 2 threads per core) family 6 model 140 stepping 1 microcode 0x86, cx8, cmov, fxsr, ht, mmx, 3dnowpref, sse, sse2, sse3, ssse3, sse4.1, sse4.2, popcnt, lzcnt, tsc, tscinvbit, avx, avx2, aes, erms, clmul, bmi1, bmi2, adx, avx512f, avx512dq, avx512cd, avx512bw, avx512vl, sha, fma, vzeroupper, avx512_vpopcntdq, avx512_vpclmulqdq, avx512_vaes, avx512_vnni, clflush, clflushopt, clwb, avx512_vbmi2, avx512_vbmi, hv

Memory: 4k page, system-wide physical 16078M (3997M free)
TotalPageFile size 18510M (AvailPageFile size 3232M)
current process WorkingSet (physical memory assigned to process): 336M, peak: 466M
current process commit charge ("private bytes"): 384M, peak: 505M

vm_info: OpenJDK 64-Bit Server VM (17.0.4.1+1-LTS) for windows-amd64 JRE (17.0.4.1+1-LTS), built on Aug 12 2022 11:18:32 by "" with MS VC++ 15.9 (VS2017)

END.
